androidApp/build/intermediates/manifest_merge_blame_file/debug/processDebugMainManifest/manifest-merger-blame-debug-report.txt
1<?xml version="1.0" encoding="utf-8"?>
2<manifest xmlns:android="http://schemas.android.com/apk/res/android"
3    package="com.beatrunner.app"
4    android:versionCode="1"
5    android:versionName="1.0.0" >
6
7    <uses-sdk
8        android:minSdkVersion="26"
9        android:targetSdkVersion="35" />
10
11    <uses-permission android:name="android.permission.INTERNET" />
11-->src/main/AndroidManifest.xml:5:5-67
11-->src/main/AndroidManifest.xml:5:22-64
12
13    <!-- Bluetooth Permissions -->
14    <uses-permission
14-->src/main/AndroidManifest.xml:8:5-95
15        android:name="android.permission.BLUETOOTH"
15-->src/main/AndroidManifest.xml:8:22-65
16        android:maxSdkVersion="30" />
16-->src/main/AndroidManifest.xml:8:66-92
17    <uses-permission
17-->src/main/AndroidManifest.xml:9:5-101
18        android:name="android.permission.BLUETOOTH_ADMIN"
18-->src/main/AndroidManifest.xml:9:22-71
19        android:maxSdkVersion="30" />
19-->src/main/AndroidManifest.xml:9:72-98
20    <uses-permission
20-->src/main/AndroidManifest.xml:10:5-120
21        android:name="android.permission.BLUETOOTH_SCAN"
21-->src/main/AndroidManifest.xml:10:22-70
22        android:usesPermissionFlags="neverForLocation" />
22-->src/main/AndroidManifest.xml:10:71-117
23    <uses-permission android:name="android.permission.BLUETOOTH_CONNECT" />
23-->src/main/AndroidManifest.xml:11:5-76
23-->src/main/AndroidManifest.xml:11:22-73
24
25    <!-- Location (required for BLE scanning on Android 12+) -->
26    <uses-permission android:name="android.permission.ACCESS_FINE_LOCATION" />
26-->src/main/AndroidManifest.xml:14:5-79
26-->src/main/AndroidManifest.xml:14:22-76
27    <uses-permission android:name="android.permission.ACCESS_COARSE_LOCATION" />
27-->src/main/AndroidManifest.xml:15:5-81
27-->src/main/AndroidManifest.xml:15:22-78
28
29    <!-- Notification Listener (for music monitoring) -->
30    <uses-permission android:name="android.permission.POST_NOTIFICATIONS" />
30-->src/main/AndroidManifest.xml:18:5-77
30-->src/main/AndroidManifest.xml:18:22-74
31
32    <!-- Audio Visualization (for waveform and FFT data) -->
33    <uses-permission android:name="android.permission.RECORD_AUDIO" />
33-->src/main/AndroidManifest.xml:21:5-71
33-->src/main/AndroidManifest.xml:21:22-68
34    <uses-permission android:name="android.permission.MODIFY_AUDIO_SETTINGS" />
34-->src/main/AndroidManifest.xml:22:5-80
34-->src/main/AndroidManifest.xml:22:22-77
35
36    <!-- BLE Feature -->
37    <uses-feature
37-->src/main/AndroidManifest.xml:25:5-90
38        android:name="android.hardware.bluetooth_le"
38-->src/main/AndroidManifest.xml:25:19-63
39        android:required="true" />
39-->src/main/AndroidManifest.xml:25:64-87
40
41    <permission
41-->[androidx.core:core:1.15.0] AndroidManifest.xml:22:5-24:47
42        android:name="com.beatrunner.app.DYNAMIC_RECEIVER_NOT_EXPORTED_PERMISSION"
42-->[androidx.core:core:1.15.0] AndroidManifest.xml:23:9-81
43        android:protectionLevel="signature" />
43-->[androidx.core:core:1.15.0] AndroidManifest.xml:24:9-44
44
45    <uses-permission android:name="com.beatrunner.app.DYNAMIC_RECEIVER_NOT_EXPORTED_PERMISSION" />
45-->[androidx.core:core:1.15.0] AndroidManifest.xml:26:5-97
45-->[androidx.core:core:1.15.0] AndroidManifest.xml:26:22-94
46
47    <application
47-->src/main/AndroidManifest.xml:27:5-57:19
48        android:name="com.beatrunner.app.BeatRunnerApp"
48-->src/main/AndroidManifest.xml:28:9-38
49        android:allowBackup="true"
49-->src/main/AndroidManifest.xml:29:9-35
50        android:appComponentFactory="androidx.core.app.CoreComponentFactory"
50-->[androidx.core:core:1.15.0] AndroidManifest.xml:28:18-86
51        android:debuggable="true"
52        android:extractNativeLibs="false"
53        android:icon="@mipmap/ic_launcher"
53-->src/main/AndroidManifest.xml:30:9-43
54        android:label="@string/app_name"
54-->src/main/AndroidManifest.xml:31:9-41
55        android:networkSecurityConfig="@xml/network_security_config"
55-->src/main/AndroidManifest.xml:34:9-69
56        android:roundIcon="@mipmap/ic_launcher_round"
56-->src/main/AndroidManifest.xml:32:9-54
57        android:supportsRtl="true"
57-->src/main/AndroidManifest.xml:33:9-35
58        android:testOnly="true"
59        android:theme="@style/Theme.BeatRunner" >
59-->src/main/AndroidManifest.xml:35:9-48
60        <activity
60-->src/main/AndroidManifest.xml:37:9-45:20
61            android:name="com.beatrunner.app.MainActivity"
61-->src/main/AndroidManifest.xml:38:13-41
62            android:exported="true"
62-->src/main/AndroidManifest.xml:39:13-36
63            android:theme="@style/Theme.BeatRunner" >
63-->src/main/AndroidManifest.xml:40:13-52
64            <intent-filter>
64-->src/main/AndroidManifest.xml:41:13-44:29
65                <action android:name="android.intent.action.MAIN" />
65-->src/main/AndroidManifest.xml:42:17-69
65-->src/main/AndroidManifest.xml:42:25-66
66
67                <category android:name="android.intent.category.LAUNCHER" />
67-->src/main/AndroidManifest.xml:43:17-77
67-->src/main/AndroidManifest.xml:43:27-74
68            </intent-filter>
69        </activity>
70
71        <!-- Music Notification Listener Service -->
72        <service
72-->src/main/AndroidManifest.xml:48:9-56:19
73            android:name="com.beatrunner.platform.MusicListenerService"
73-->src/main/AndroidManifest.xml:49:13-72
74            android:exported="false"
74-->src/main/AndroidManifest.xml:52:13-37
75            android:label="BeatRunner Music Service"
75-->src/main/AndroidManifest.xml:50:13-53
76            android:permission="android.permission.BIND_NOTIFICATION_LISTENER_SERVICE" >
76-->src/main/AndroidManifest.xml:51:13-87
77            <intent-filter>
77-->src/main/AndroidManifest.xml:53:13-55:29
78                <action android:name="android.service.notification.NotificationListenerService" />
78-->src/main/AndroidManifest.xml:54:17-99
78-->src/main/AndroidManifest.xml:54:25-96
79            </intent-filter>
80        </service>
81
82        <provider
82-->[com.juul.kable:kable-core-android-debug:0.41.0] AndroidManifest.xml:9:9-17:20
83            android:name="androidx.startup.InitializationProvider"
83-->[com.juul.kable:kable-core-android-debug:0.41.0] AndroidManifest.xml:10:13-67
84            android:authorities="com.beatrunner.app.androidx-startup"
84-->[com.juul.kable:kable-core-android-debug:0.41.0] AndroidManifest.xml:11:13-68
85            android:exported="false" >
85-->[com.juul.kable:kable-core-android-debug:0.41.0] AndroidManifest.xml:12:13-37
86            <meta-data
86-->[com.juul.kable:kable-core-android-debug:0.41.0] AndroidManifest.xml:14:13-16:52
87                android:name="com.juul.kable.KableInitializer"
87-->[com.juul.kable:kable-core-android-debug:0.41.0] AndroidManifest.xml:15:17-63
88                android:value="androidx.startup" />
88-->[com.juul.kable:kable-core-android-debug:0.41.0] AndroidManifest.xml:16:17-49
89            <meta-data
89-->[androidx.emoji2:emoji2:1.3.0] AndroidManifest.xml:29:13-31:52
90                android:name="androidx.emoji2.text.EmojiCompatInitializer"
90-->[androidx.emoji2:emoji2:1.3.0] AndroidManifest.xml:30:17-75
91                android:value="androidx.startup" />
91-->[androidx.emoji2:emoji2:1.3.0] AndroidManifest.xml:31:17-49
92            <meta-data
92-->[com.juul.tuulbox:coroutines-android-debug:8.0.3] AndroidManifest.xml:14:13-16:52
93                android:name="com.juul.tuulbox.coroutines.TuulboxCoroutinesInitializer"
93-->[com.juul.tuulbox:coroutines-android-debug:8.0.3] AndroidManifest.xml:15:17-88
94                android:value="androidx.startup" />
94-->[com.juul.tuulbox:coroutines-android-debug:8.0.3] AndroidManifest.xml:16:17-49
95            <meta-data
95-->[androidx.lifecycle:lifecycle-process:2.8.7] AndroidManifest.xml:29:13-31:52
96                android:name="androidx.lifecycle.ProcessLifecycleInitializer"
96-->[androidx.lifecycle:lifecycle-process:2.8.7] AndroidManifest.xml:30:17-78
97                android:value="androidx.startup" />
97-->[androidx.lifecycle:lifecycle-process:2.8.7] AndroidManifest.xml:31:17-49
98            <meta-data
98-->[androidx.profileinstaller:profileinstaller:1.3.1] AndroidManifest.xml:29:13-31:52
99                android:name="androidx.profileinstaller.ProfileInstallerInitializer"
99-->[androidx.profileinstaller:profileinstaller:1.3.1] AndroidManifest.xml:30:17-85
100                android:value="androidx.startup" />
100-->[androidx.profileinstaller:profileinstaller:1.3.1] AndroidManifest.xml:31:17-49
101        </provider>
102
103        <receiver
103-->[androidx.profileinstaller:profileinstaller:1.3.1] AndroidManifest.xml:34:9-52:20
104            android:name="androidx.profileinstaller.ProfileInstallReceiver"
104-->[androidx.profileinstaller:profileinstaller:1.3.1] AndroidManifest.xml:35:13-76
105            android:directBootAware="false"
105-->[androidx.profileinstaller:profileinstaller:1.3.1] AndroidManifest.xml:36:13-44
106            android:enabled="true"
106-->[androidx.profileinstaller:profileinstaller:1.3.1] AndroidManifest.xml:37:13-35
107            android:exported="true"
107-->[androidx.profileinstaller:profileinstaller:1.3.1] AndroidManifest.xml:38:13-36
108            android:permission="android.permission.DUMP" >
108-->[androidx.profileinstaller:profileinstaller:1.3.1] AndroidManifest.xml:39:13-57
109            <intent-filter>
109-->[androidx.profileinstaller:profileinstaller:1.3.1] AndroidManifest.xml:40:13-42:29
110                <action android:name="androidx.profileinstaller.action.INSTALL_PROFILE" />
110-->[androidx.profileinstaller:profileinstaller:1.3.1] AndroidManifest.xml:41:17-91
110-->[androidx.profileinstaller:profileinstaller:1.3.1] AndroidManifest.xml:41:25-88
111            </intent-filter>
112            <intent-filter>
112-->[androidx.profileinstaller:profileinstaller:1.3.1] AndroidManifest.xml:43:13-45:29
113                <action android:name="androidx.profileinstaller.action.SKIP_FILE" />
113-->[androidx.profileinstaller:profileinstaller:1.3.1] AndroidManifest.xml:44:17-85
113-->[androidx.profileinstaller:profileinstaller:1.3.1] AndroidManifest.xml:44:25-82
114            </intent-filter>
115            <intent-filter>
115-->[androidx.profileinstaller:profileinstaller:1.3.1] AndroidManifest.xml:46:13-48:29
116                <action android:name="androidx.profileinstaller.action.SAVE_PROFILE" />
116-->[androidx.profileinstaller:profileinstaller:1.3.1] AndroidManifest.xml:47:17-88
116-->[androidx.profileinstaller:profileinstaller:1.3.1] AndroidManifest.xml:47:25-85
117            </intent-filter>
118            <intent-filter>
118-->[androidx.profileinstaller:profileinstaller:1.3.1] AndroidManifest.xml:49:13-51:29
119                <action android:name="androidx.profileinstaller.action.BENCHMARK_OPERATION" />
119-->[androidx.profileinstaller:profileinstaller:1.3.1] AndroidManifest.xml:50:17-95
119-->[androidx.profileinstaller:profileinstaller:1.3.1] AndroidManifest.xml:50:25-92
120            </intent-filter>
121        </receiver>
122    </application>
123
124</manifest>